
OpenSBI v0.4 (Jul  2 2019 11:53:53)
   ____                    _____ ____ _____
  / __ \                  / ____|  _ \_   _|
 | |  | |_ __   ___ _ __ | (___ | |_) || |
 | |  | | '_ \ / _ \ '_ \ \___ \|  _ < | |
 | |__| | |_) |  __/ | | |____) | |_) || |_
  \____/| .__/ \___|_| |_|_____/|____/_____|
        | |
        |_|

Platform Name          : QEMU Virt Machine
Platform HART Features : RV64ACDFIMSU
Platform Max HARTs     : 8
Current Hart           : 0
Firmware Base          : 0x80000000
Firmware Size          : 112 KB
Runtime SBI Version    : 0.1

PMP0: 0x0000000080000000-0x000000008001ffff (A)
PMP1: 0x0000000000000000-0xffffffffffffffff (A,R,W,X)
(THU.CST) os is loading ...
Special kernel symbols:
  entry  0xffffffffc0200032 (virtual)
  etext  0xffffffffc0201a8a (virtual)
  edata  0xffffffffc0206010 (virtual)
  end    0xffffffffc0206568 (virtual)
Kernel executable memory footprint: 26KB
11111111111111
memory management: buddy_system_pmm_manager
111111111111111111111111
22222222222222222222
physcial memory map:
  memory: 0x0000000007e00000, [0x0000000080200000, 0x0000000087ffffff].
222222222222
3333333333333333333333
n_now: 31929
order: 14
now_page_before: 0xffffffffc020f318
now_page_after: 0xffffffffc0219318
Size of struct Page: 40 bytes
now_page_before: 0xffffffffc0219318
now_page_after: 0xffffffffc0223318
Size of struct Page: 40 bytes
now_page_before: 0xffffffffc0223318
now_page_after: 0xffffffffc022d318
Size of struct Page: 40 bytes
now_page_before: 0xffffffffc022d318
now_page_after: 0xffffffffc0237318
Size of struct Page: 40 bytes
now_page_before: 0xffffffffc0237318
now_page_after: 0xffffffffc0241318
Size of struct Page: 40 bytes
now_page_before: 0xffffffffc0241318
now_page_after: 0xffffffffc024b318
Size of struct Page: 40 bytes
now_page_before: 0xffffffffc024b318
now_page_after: 0xffffffffc0255318
Size of struct Page: 40 bytes
now_page_before: 0xffffffffc0255318
now_page_after: 0xffffffffc025f318
Size of struct Page: 40 bytes
now_page_before: 0xffffffffc025f318
now_page_after: 0xffffffffc0269318
Size of struct Page: 40 bytes
now_page_before: 0xffffffffc0269318
now_page_after: 0xffffffffc0273318
Size of struct Page: 40 bytes
now_page_before: 0xffffffffc0273318
now_page_after: 0xffffffffc027d318
Size of struct Page: 40 bytes
now_page_before: 0xffffffffc027d318
now_page_after: 0xffffffffc0287318
Size of struct Page: 40 bytes
now_page_before: 0xffffffffc0287318
now_page_after: 0xffffffffc0291318
Size of struct Page: 40 bytes
now_page_before: 0xffffffffc0291318
now_page_after: 0xffffffffc029b318
Size of struct Page: 40 bytes
now_page_before: 0xffffffffc029b318
now_page_after: 0xffffffffc02a5318
Size of struct Page: 40 bytes
now_page_before: 0xffffffffc02a5318
now_page_after: 0xffffffffc02af318
Size of struct Page: 40 bytes
now_page_before: 0xffffffffc02af318
now_page_after: 0xffffffffc02b9318
Size of struct Page: 40 bytes
now_page_before: 0xffffffffc02b9318
now_page_after: 0xffffffffc02c3318
Size of struct Page: 40 bytes
now_page_before: 0xffffffffc02c3318
now_page_after: 0xffffffffc02cd318
Size of struct Page: 40 bytes
now_page_before: 0xffffffffc02cd318
now_page_after: 0xffffffffc02d7318
Size of struct Page: 40 bytes
now_page_before: 0xffffffffc02d7318
now_page_after: 0xffffffffc02e1318
Size of struct Page: 40 bytes
now_page_before: 0xffffffffc02e1318
now_page_after: 0xffffffffc02eb318
Size of struct Page: 40 bytes
now_page_before: 0xffffffffc02eb318
now_page_after: 0xffffffffc02f5318
Size of struct Page: 40 bytes
now_page_before: 0xffffffffc02f5318
now_page_after: 0xffffffffc02ff318
Size of struct Page: 40 bytes
now_page_before: 0xffffffffc02ff318
now_page_after: 0xffffffffc0309318
Size of struct Page: 40 bytes
now_page_before: 0xffffffffc0309318
now_page_after: 0xffffffffc0313318
Size of struct Page: 40 bytes
now_page_before: 0xffffffffc0313318
now_page_after: 0xffffffffc031d318
Size of struct Page: 40 bytes
now_page_before: 0xffffffffc031d318
now_page_after: 0xffffffffc0327318
Size of struct Page: 40 bytes
now_page_before: 0xffffffffc0327318
now_page_after: 0xffffffffc0331318
Size of struct Page: 40 bytes
now_page_before: 0xffffffffc0331318
now_page_after: 0xffffffffc033b318
Size of struct Page: 40 bytes
now_page_before: 0xffffffffc033b318
now_page_after: 0xffffffffc0345318
Size of struct Page: 40 bytes
n_now: 185
order: 7
n_now: 57
order: 5
n_now: 25
order: 4
n_now: 9
order: 3
n_now: 1
order: 0
44444444444444444444444444
11111111111[buddy_check_0] >>>>>>>>>>>>>>>>>>>>>>>>>>>>>>>>>>>>>>>>>>>>>>>>
initial_nr_free_pages 31929
[buddy_check_0] before alloc: [dbg_buddy] block: 31  0  0  1  0  1  1  1  0  0  1 
[buddy_check_0] trying to alloc 100 * 1 pages
删除的页: 0xffffffffc0347000
分配的页: 0xffffffffc0347000
[buddy_check_0] after alloc: 删除的页: 0xffffffffc0346fd8
多余的页: 0xffffffffc0346fd8
多余的页: 0xffffffffc0347078
多余的页: 0xffffffffc03470c8
分配的页: 0xffffffffc03470f0
[buddy_check_0] after alloc: 删除的页: 0xffffffffc03470c8
分配的页: 0xffffffffc03470c8
[buddy_check_0] after alloc: 删除的页: 0xffffffffc0347078
多余的页: 0xffffffffc0347078
分配的页: 0xffffffffc03470a0
[buddy_check_0] after alloc: 删除的页: 0xffffffffc0347078
分配的页: 0xffffffffc0347078
[buddy_check_0] after alloc: 删除的页: 0xffffffffc0346fd8
多余的页: 0xffffffffc0346fd8
多余的页: 0xffffffffc0347028
分配的页: 0xffffffffc0347050
[buddy_check_0] after alloc: 删除的页: 0xffffffffc0347028
分配的页: 0xffffffffc0347028
[buddy_check_0] after alloc: 删除的页: 0xffffffffc0346fd8
多余的页: 0xffffffffc0346fd8
分配的页: 0xffffffffc0347000
[buddy_check_0] after alloc: 删除的页: 0xffffffffc0346fd8
分配的页: 0xffffffffc0346fd8
[buddy_check_0] after alloc: 删除的页: 0xffffffffc0346e98
多余的页: 0xffffffffc0346e98
多余的页: 0xffffffffc0346fd8
多余的页: 0xffffffffc0347078
多余的页: 0xffffffffc03470c8
分配的页: 0xffffffffc03470f0
[buddy_check_0] after alloc: 删除的页: 0xffffffffc03470c8
分配的页: 0xffffffffc03470c8
[buddy_check_0] after alloc: 删除的页: 0xffffffffc0347078
多余的页: 0xffffffffc0347078
分配的页: 0xffffffffc03470a0
[buddy_check_0] after alloc: 删除的页: 0xffffffffc0347078
分配的页: 0xffffffffc0347078
[buddy_check_0] after alloc: 删除的页: 0xffffffffc0346fd8
多余的页: 0xffffffffc0346fd8
多余的页: 0xffffffffc0347028
分配的页: 0xffffffffc0347050
[buddy_check_0] after alloc: 删除的页: 0xffffffffc0347028
分配的页: 0xffffffffc0347028
[buddy_check_0] after alloc: 删除的页: 0xffffffffc0346fd8
多余的页: 0xffffffffc0346fd8
分配的页: 0xffffffffc0347000
[buddy_check_0] after alloc: 删除的页: 0xffffffffc0346fd8
分配的页: 0xffffffffc0346fd8
[buddy_check_0] after alloc: 删除的页: 0xffffffffc0346e98
多余的页: 0xffffffffc0346e98
多余的页: 0xffffffffc0346f38
多余的页: 0xffffffffc0346f88
分配的页: 0xffffffffc0346fb0
[buddy_check_0] after alloc: 删除的页: 0xffffffffc0346f88
分配的页: 0xffffffffc0346f88
[buddy_check_0] after alloc: 删除的页: 0xffffffffc0346f38
多余的页: 0xffffffffc0346f38
分配的页: 0xffffffffc0346f60
[buddy_check_0] after alloc: 删除的页: 0xffffffffc0346f38
分配的页: 0xffffffffc0346f38
[buddy_check_0] after alloc: 删除的页: 0xffffffffc0346e98
多余的页: 0xffffffffc0346e98
多余的页: 0xffffffffc0346ee8
分配的页: 0xffffffffc0346f10
[buddy_check_0] after alloc: 删除的页: 0xffffffffc0346ee8
分配的页: 0xffffffffc0346ee8
[buddy_check_0] after alloc: 删除的页: 0xffffffffc0346e98
多余的页: 0xffffffffc0346e98
分配的页: 0xffffffffc0346ec0
[buddy_check_0] after alloc: 删除的页: 0xffffffffc0346e98
分配的页: 0xffffffffc0346e98
[buddy_check_0] after alloc: 删除的页: 0xffffffffc0346c18
多余的页: 0xffffffffc0346c18
多余的页: 0xffffffffc0346e98
多余的页: 0xffffffffc0346fd8
多余的页: 0xffffffffc0347078
多余的页: 0xffffffffc03470c8
分配的页: 0xffffffffc03470f0
[buddy_check_0] after alloc: 删除的页: 0xffffffffc03470c8
分配的页: 0xffffffffc03470c8
[buddy_check_0] after alloc: 删除的页: 0xffffffffc0347078
多余的页: 0xffffffffc0347078
分配的页: 0xffffffffc03470a0
[buddy_check_0] after alloc: 删除的页: 0xffffffffc0347078
分配的页: 0xffffffffc0347078
[buddy_check_0] after alloc: 删除的页: 0xffffffffc0346fd8
多余的页: 0xffffffffc0346fd8
多余的页: 0xffffffffc0347028
分配的页: 0xffffffffc0347050
[buddy_check_0] after alloc: 删除的页: 0xffffffffc0347028
分配的页: 0xffffffffc0347028
[buddy_check_0] after alloc: 删除的页: 0xffffffffc0346fd8
多余的页: 0xffffffffc0346fd8
分配的页: 0xffffffffc0347000
[buddy_check_0] after alloc: 删除的页: 0xffffffffc0346fd8
分配的页: 0xffffffffc0346fd8
[buddy_check_0] after alloc: 删除的页: 0xffffffffc0346e98
多余的页: 0xffffffffc0346e98
多余的页: 0xffffffffc0346f38
多余的页: 0xffffffffc0346f88
分配的页: 0xffffffffc0346fb0
[buddy_check_0] after alloc: 删除的页: 0xffffffffc0346f88
分配的页: 0xffffffffc0346f88
[buddy_check_0] after alloc: 删除的页: 0xffffffffc0346f38
多余的页: 0xffffffffc0346f38
分配的页: 0xffffffffc0346f60
[buddy_check_0] after alloc: 删除的页: 0xffffffffc0346f38
分配的页: 0xffffffffc0346f38
[buddy_check_0] after alloc: 删除的页: 0xffffffffc0346e98
多余的页: 0xffffffffc0346e98
多余的页: 0xffffffffc0346ee8
分配的页: 0xffffffffc0346f10
[buddy_check_0] after alloc: 删除的页: 0xffffffffc0346ee8
分配的页: 0xffffffffc0346ee8
[buddy_check_0] after alloc: 删除的页: 0xffffffffc0346e98
多余的页: 0xffffffffc0346e98
分配的页: 0xffffffffc0346ec0
[buddy_check_0] after alloc: 删除的页: 0xffffffffc0346e98
分配的页: 0xffffffffc0346e98
[buddy_check_0] after alloc: 删除的页: 0xffffffffc0346c18
多余的页: 0xffffffffc0346c18
多余的页: 0xffffffffc0346d58
多余的页: 0xffffffffc0346df8
多余的页: 0xffffffffc0346e48
分配的页: 0xffffffffc0346e70
[buddy_check_0] after alloc: 删除的页: 0xffffffffc0346e48
分配的页: 0xffffffffc0346e48
[buddy_check_0] after alloc: 删除的页: 0xffffffffc0346df8
多余的页: 0xffffffffc0346df8
分配的页: 0xffffffffc0346e20
[buddy_check_0] after alloc: 删除的页: 0xffffffffc0346df8
分配的页: 0xffffffffc0346df8
[buddy_check_0] after alloc: 删除的页: 0xffffffffc0346d58
多余的页: 0xffffffffc0346d58
多余的页: 0xffffffffc0346da8
分配的页: 0xffffffffc0346dd0
[buddy_check_0] after alloc: 删除的页: 0xffffffffc0346da8
分配的页: 0xffffffffc0346da8
[buddy_check_0] after alloc: 删除的页: 0xffffffffc0346d58
多余的页: 0xffffffffc0346d58
分配的页: 0xffffffffc0346d80
[buddy_check_0] after alloc: 删除的页: 0xffffffffc0346d58
分配的页: 0xffffffffc0346d58
[buddy_check_0] after alloc: 删除的页: 0xffffffffc0346c18
多余的页: 0xffffffffc0346c18
多余的页: 0xffffffffc0346cb8
多余的页: 0xffffffffc0346d08
分配的页: 0xffffffffc0346d30
[buddy_check_0] after alloc: 删除的页: 0xffffffffc0346d08
分配的页: 0xffffffffc0346d08
[buddy_check_0] after alloc: 删除的页: 0xffffffffc0346cb8
多余的页: 0xffffffffc0346cb8
分配的页: 0xffffffffc0346ce0
[buddy_check_0] after alloc: 删除的页: 0xffffffffc0346cb8
分配的页: 0xffffffffc0346cb8
[buddy_check_0] after alloc: 删除的页: 0xffffffffc0346c18
多余的页: 0xffffffffc0346c18
多余的页: 0xffffffffc0346c68
分配的页: 0xffffffffc0346c90
[buddy_check_0] after alloc: 删除的页: 0xffffffffc0346c68
分配的页: 0xffffffffc0346c68
[buddy_check_0] after alloc: 删除的页: 0xffffffffc0346c18
多余的页: 0xffffffffc0346c18
分配的页: 0xffffffffc0346c40
[buddy_check_0] after alloc: 删除的页: 0xffffffffc0346c18
分配的页: 0xffffffffc0346c18
[buddy_check_0] after alloc: 删除的页: 0xffffffffc0346718
多余的页: 0xffffffffc0346718
多余的页: 0xffffffffc0347118
多余的页: 0xffffffffc0347618
多余的页: 0xffffffffc0347898
多余的页: 0xffffffffc03479d8
多余的页: 0xffffffffc0347a78
多余的页: 0xffffffffc0347ac8
分配的页: 0xffffffffc0347af0
[buddy_check_0] after alloc: 删除的页: 0xffffffffc0347ac8
分配的页: 0xffffffffc0347ac8
[buddy_check_0] after alloc: 删除的页: 0xffffffffc0347a78
多余的页: 0xffffffffc0347a78
分配的页: 0xffffffffc0347aa0
[buddy_check_0] after alloc: 删除的页: 0xffffffffc0347a78
分配的页: 0xffffffffc0347a78
[buddy_check_0] after alloc: 删除的页: 0xffffffffc03479d8
多余的页: 0xffffffffc03479d8
多余的页: 0xffffffffc0347a28
分配的页: 0xffffffffc0347a50
[buddy_check_0] after alloc: 删除的页: 0xffffffffc0347a28
分配的页: 0xffffffffc0347a28
[buddy_check_0] after alloc: 删除的页: 0xffffffffc03479d8
多余的页: 0xffffffffc03479d8
分配的页: 0xffffffffc0347a00
[buddy_check_0] after alloc: 删除的页: 0xffffffffc03479d8
分配的页: 0xffffffffc03479d8
[buddy_check_0] after alloc: 删除的页: 0xffffffffc0347898
多余的页: 0xffffffffc0347898
多余的页: 0xffffffffc0347938
多余的页: 0xffffffffc0347988
分配的页: 0xffffffffc03479b0
[buddy_check_0] after alloc: 删除的页: 0xffffffffc0347988
分配的页: 0xffffffffc0347988
[buddy_check_0] after alloc: 删除的页: 0xffffffffc0347938
多余的页: 0xffffffffc0347938
分配的页: 0xffffffffc0347960
[buddy_check_0] after alloc: 删除的页: 0xffffffffc0347938
分配的页: 0xffffffffc0347938
[buddy_check_0] after alloc: 删除的页: 0xffffffffc0347898
多余的页: 0xffffffffc0347898
多余的页: 0xffffffffc03478e8
分配的页: 0xffffffffc0347910
[buddy_check_0] after alloc: 删除的页: 0xffffffffc03478e8
分配的页: 0xffffffffc03478e8
[buddy_check_0] after alloc: 删除的页: 0xffffffffc0347898
多余的页: 0xffffffffc0347898
分配的页: 0xffffffffc03478c0
[buddy_check_0] after alloc: 删除的页: 0xffffffffc0347898
分配的页: 0xffffffffc0347898
[buddy_check_0] after alloc: 删除的页: 0xffffffffc0347618
多余的页: 0xffffffffc0347618
多余的页: 0xffffffffc0347758
多余的页: 0xffffffffc03477f8
多余的页: 0xffffffffc0347848
分配的页: 0xffffffffc0347870
[buddy_check_0] after alloc: 删除的页: 0xffffffffc0347848
分配的页: 0xffffffffc0347848
[buddy_check_0] after alloc: 删除的页: 0xffffffffc03477f8
多余的页: 0xffffffffc03477f8
分配的页: 0xffffffffc0347820
[buddy_check_0] after alloc: 删除的页: 0xffffffffc03477f8
分配的页: 0xffffffffc03477f8
[buddy_check_0] after alloc: 删除的页: 0xffffffffc0347758
多余的页: 0xffffffffc0347758
多余的页: 0xffffffffc03477a8
分配的页: 0xffffffffc03477d0
[buddy_check_0] after alloc: 删除的页: 0xffffffffc03477a8
分配的页: 0xffffffffc03477a8
[buddy_check_0] after alloc: 删除的页: 0xffffffffc0347758
多余的页: 0xffffffffc0347758
分配的页: 0xffffffffc0347780
[buddy_check_0] after alloc: 删除的页: 0xffffffffc0347758
分配的页: 0xffffffffc0347758
[buddy_check_0] after alloc: 删除的页: 0xffffffffc0347618
多余的页: 0xffffffffc0347618
多余的页: 0xffffffffc03476b8
多余的页: 0xffffffffc0347708
分配的页: 0xffffffffc0347730
[buddy_check_0] after alloc: 删除的页: 0xffffffffc0347708
分配的页: 0xffffffffc0347708
[buddy_check_0] after alloc: 删除的页: 0xffffffffc03476b8
多余的页: 0xffffffffc03476b8
分配的页: 0xffffffffc03476e0
[buddy_check_0] after alloc: 删除的页: 0xffffffffc03476b8
分配的页: 0xffffffffc03476b8
[buddy_check_0] after alloc: 删除的页: 0xffffffffc0347618
多余的页: 0xffffffffc0347618
多余的页: 0xffffffffc0347668
分配的页: 0xffffffffc0347690
[buddy_check_0] after alloc: 删除的页: 0xffffffffc0347668
分配的页: 0xffffffffc0347668
[buddy_check_0] after alloc: 删除的页: 0xffffffffc0347618
多余的页: 0xffffffffc0347618
分配的页: 0xffffffffc0347640
[buddy_check_0] after alloc: 删除的页: 0xffffffffc0347618
分配的页: 0xffffffffc0347618
[buddy_check_0] after alloc: 删除的页: 0xffffffffc0347118
多余的页: 0xffffffffc0347118
多余的页: 0xffffffffc0347398
多余的页: 0xffffffffc03474d8
多余的页: 0xffffffffc0347578
多余的页: 0xffffffffc03475c8
分配的页: 0xffffffffc03475f0
[buddy_check_0] after alloc: 删除的页: 0xffffffffc03475c8
分配的页: 0xffffffffc03475c8
[buddy_check_0] after alloc: 删除的页: 0xffffffffc0347578
多余的页: 0xffffffffc0347578
分配的页: 0xffffffffc03475a0
[buddy_check_0] after alloc: 删除的页: 0xffffffffc0347578
分配的页: 0xffffffffc0347578
[buddy_check_0] after alloc: 删除的页: 0xffffffffc03474d8
多余的页: 0xffffffffc03474d8
多余的页: 0xffffffffc0347528
分配的页: 0xffffffffc0347550
[buddy_check_0] after alloc: 删除的页: 0xffffffffc0347528
分配的页: 0xffffffffc0347528
[buddy_check_0] after alloc: 删除的页: 0xffffffffc03474d8
多余的页: 0xffffffffc03474d8
分配的页: 0xffffffffc0347500
[buddy_check_0] after alloc: 删除的页: 0xffffffffc03474d8
分配的页: 0xffffffffc03474d8
[buddy_check_0] after alloc: 删除的页: 0xffffffffc0347398
多余的页: 0xffffffffc0347398
多余的页: 0xffffffffc0347438
多余的页: 0xffffffffc0347488
分配的页: 0xffffffffc03474b0
[buddy_check_0] after alloc: 删除的页: 0xffffffffc0347488
分配的页: 0xffffffffc0347488
[buddy_check_0] after alloc: 删除的页: 0xffffffffc0347438
多余的页: 0xffffffffc0347438
分配的页: 0xffffffffc0347460
[buddy_check_0] after alloc: [dbg_buddy] order 10 list: 00000000c0206100 --> 
    ffffffffc020f318 (property: 1024) --> 
    ffffffffc0219318 (property: 1024) --> 
    ffffffffc0223318 (property: 1024) --> 
    ffffffffc022d318 (property: 1024) --> 
    ffffffffc0237318 (property: 1024) --> 
    ffffffffc0241318 (property: 1024) --> 
    ffffffffc024b318 (property: 1024) --> 
    ffffffffc0255318 (property: 1024) --> 
    ffffffffc025f318 (property: 1024) --> 
    ffffffffc0269318 (property: 1024) --> 
    ffffffffc0273318 (property: 1024) --> 
    ffffffffc027d318 (property: 1024) --> 
    ffffffffc0287318 (property: 1024) --> 
    ffffffffc0291318 (property: 1024) --> 
    ffffffffc029b318 (property: 1024) --> 
    ffffffffc02a5318 (property: 1024) --> 
    ffffffffc02af318 (property: 1024) --> 
    ffffffffc02b9318 (property: 1024) --> 
    ffffffffc02c3318 (property: 1024) --> 
    ffffffffc02cd318 (property: 1024) --> 
    ffffffffc02d7318 (property: 1024) --> 
    ffffffffc02e1318 (property: 1024) --> 
    ffffffffc02eb318 (property: 1024) --> 
    ffffffffc02f5318 (property: 1024) --> 
    ffffffffc02ff318 (property: 1024) --> 
    ffffffffc0309318 (property: 1024) --> 
    ffffffffc0313318 (property: 1024) --> 
    ffffffffc031d318 (property: 1024) --> 
    ffffffffc0327318 (property: 1024) --> 
    ffffffffc0331318 (property: 1024) --> 
    ffffffffc033b318 (property: 1024) --> 
    NULL

[dbg_buddy] order  9 list: 00000000c02060e8 --> 
    NULL

[dbg_buddy] order  8 list: 00000000c02060d0 --> 
    NULL

[dbg_buddy] order  7 list: 00000000c02060b8 --> 
    NULL

[dbg_buddy] order  6 list: 00000000c02060a0 --> 
    ffffffffc0346718 (property: 64) --> 
    NULL

[dbg_buddy] order  5 list: 00000000c0206088 --> 
    NULL

[dbg_buddy] order  4 list: 00000000c0206070 --> 
    ffffffffc0347118 (property: 16) --> 
    NULL

[dbg_buddy] order  3 list: 00000000c0206058 --> 
    NULL

[dbg_buddy] order  2 list: 00000000c0206040 --> 
    ffffffffc0347398 (property: 4) --> 
    NULL

[dbg_buddy] order  1 list: 00000000c0206028 --> 
    NULL

[dbg_buddy] order  0 list: 00000000c0206010 --> 
    ffffffffc0347438 (property: 1) --> 
    NULL

[dbg_buddy] block count: 
    order 10: 31 blocks
    order  9:  0 blocks
    order  8:  0 blocks
    order  7:  0 blocks
    order  6:  1 blocks
    order  5:  0 blocks
    order  4:  1 blocks
    order  3:  0 blocks
    order  2:  1 blocks
    order  1:  0 blocks
    order  0:  1 blocks

[buddy_check_0] after alloc:  [dbg_buddy] block: 31  0  0  0  1  0  1  0  1  0  1 
first页: 0xffffffffc0347028
second页: 0xffffffffc0347438
p 和 current_page 之间的差值 (16进制): fffffffffffffbf0
page_size (16进制): 28
return
[buddy_check_0] after free: [dbg_buddy] block: 31  0  0  0  1  0  1  0  1  0  2 
first页: 0xffffffffc0347118
second页: 0xffffffffc0347028
p 和 current_page 之间的差值 (16进制): f0
page_size (16进制): 28
first页: 0xffffffffc0347118
second页: 0xffffffffc0347438
p 和 current_page 之间的差值 (16进制): fffffffffffffce0
page_size (16进制): 28
return
[buddy_check_0] after free: [dbg_buddy] block: 31  0  0  0  1  0  1  0  1  0  3 
first页: 0xffffffffc03470f0
second页: 0xffffffffc0347118
p 和 current_page 之间的差值 (16进制): ffffffffffffffd8
page_size (16进制): 28
merge
jixu
return
[buddy_check_0] after free: [dbg_buddy] block: 31  0  0  0  1  0  1  0  1  1  2 
first页: 0xffffffffc03470c8
second页: 0xffffffffc0347028
p 和 current_page 之间的差值 (16进制): a0
page_size (16进制): 28
first页: 0xffffffffc03470c8
second页: 0xffffffffc0347438
p 和 current_page 之间的差值 (16进制): fffffffffffffc90
page_size (16进制): 28
return
[buddy_check_0] after free: [dbg_buddy] block: 31  0  0  0  1  0  1  0  1  1  3 
first页: 0xffffffffc03470a0
second页: 0xffffffffc03470c8
p 和 current_page 之间的差值 (16进制): ffffffffffffffd8
page_size (16进制): 28
merge
jixu
first页: 0xffffffffc03470a0
second页: 0xffffffffc03470f0
p 和 current_page 之间的差值 (16进制): ffffffffffffffb0
page_size (16进制): 28
merge
jixu
first页: 0xffffffffc03470a0
second页: 0xffffffffc0347398
p 和 current_page 之间的差值 (16进制): fffffffffffffd08
page_size (16进制): 28
return
[buddy_check_0] after free: [dbg_buddy] block: 31  0  0  0  1  0  1  0  2  0  2 
first页: 0xffffffffc0347078
second页: 0xffffffffc0347028
p 和 current_page 之间的差值 (16进制): 50
page_size (16进制): 28
first页: 0xffffffffc0347078
second页: 0xffffffffc0347438
p 和 current_page 之间的差值 (16进制): fffffffffffffc40
page_size (16进制): 28
return
[buddy_check_0] after free: [dbg_buddy] block: 31  0  0  0  1  0  1  0  2  0  3 
first页: 0xffffffffc0347050
second页: 0xffffffffc0347078
p 和 current_page 之间的差值 (16进制): ffffffffffffffd8
page_size (16进制): 28
merge
jixu
return
[buddy_check_0] after free: [dbg_buddy] block: 31  0  0  0  1  0  1  0  2  1  2 
first页: 0xffffffffc0347028
second页: 0xffffffffc0347028
p 和 current_page 之间的差值 (16进制): 0
page_size (16进制): 28
first页: 0xffffffffc0347028
second页: 0xffffffffc0347438
p 和 current_page 之间的差值 (16进制): fffffffffffffbf0
page_size (16进制): 28
return
[buddy_check_0] after free: [dbg_buddy] block: 31  0  0  0  1  0  1  0  2  1  3 
first页: 0xffffffffc0347000
second页: 0xffffffffc0347028
p 和 current_page 之间的差值 (16进制): ffffffffffffffd8
page_size (16进制): 28
merge
jixu
first页: 0xffffffffc0347000
second页: 0xffffffffc0347050
p 和 current_page 之间的差值 (16进制): ffffffffffffffb0
page_size (16进制): 28
merge
jixu
first页: 0xffffffffc0347000
second页: 0xffffffffc03470a0
p 和 current_page 之间的差值 (16进制): ffffffffffffff60
page_size (16进制): 28
merge
jixu
return
[buddy_check_0] after free: [dbg_buddy] block: 31  0  0  0  1  0  1  1  1  0  2 
first页: 0xffffffffc0347118
second页: 0xffffffffc0347028
p 和 current_page 之间的差值 (16进制): f0
page_size (16进制): 28
return
[buddy_check_0] after free: [dbg_buddy] block: 31  0  0  0  1  0  1  1  1  0  3 
first页: 0xffffffffc03470f0
second页: 0xffffffffc0347118
p 和 current_page 之间的差值 (16进制): ffffffffffffffd8
page_size (16进制): 28
merge
jixu
return
[buddy_check_0] after free: [dbg_buddy] block: 31  0  0  0  1  0  1  1  1  1  2 
first页: 0xffffffffc03470c8
second页: 0xffffffffc0347028
p 和 current_page 之间的差值 (16进制): a0
page_size (16进制): 28
return
[buddy_check_0] after free: [dbg_buddy] block: 31  0  0  0  1  0  1  1  1  1  3 
first页: 0xffffffffc03470a0
second页: 0xffffffffc03470c8
p 和 current_page 之间的差值 (16进制): ffffffffffffffd8
page_size (16进制): 28
merge
jixu
first页: 0xffffffffc03470a0
second页: 0xffffffffc03470f0
p 和 current_page 之间的差值 (16进制): ffffffffffffffb0
page_size (16进制): 28
merge
jixu
first页: 0xffffffffc03470a0
second页: 0xffffffffc0347398
p 和 current_page 之间的差值 (16进制): fffffffffffffd08
page_size (16进制): 28
return
[buddy_check_0] after free: [dbg_buddy] block: 31  0  0  0  1  0  1  1  2  0  2 
first页: 0xffffffffc0347078
second页: 0xffffffffc0347028
p 和 current_page 之间的差值 (16进制): 50
page_size (16进制): 28
return
[buddy_check_0] after free: [dbg_buddy] block: 31  0  0  0  1  0  1  1  2  0  3 
first页: 0xffffffffc0347050
second页: 0xffffffffc0347078
p 和 current_page 之间的差值 (16进制): ffffffffffffffd8
page_size (16进制): 28
merge
jixu
return
[buddy_check_0] after free: [dbg_buddy] block: 31  0  0  0  1  0  1  1  2  1  2 
first页: 0xffffffffc0347028
second页: 0xffffffffc0347028
p 和 current_page 之间的差值 (16进制): 0
page_size (16进制): 28
return
[buddy_check_0] after free: [dbg_buddy] block: 31  0  0  0  1  0  1  1  2  1  3 
first页: 0xffffffffc0347000
second页: 0xffffffffc0347028
p 和 current_page 之间的差值 (16进制): ffffffffffffffd8
page_size (16进制): 28
merge
jixu
first页: 0xffffffffc0347000
second页: 0xffffffffc0347050
p 和 current_page 之间的差值 (16进制): ffffffffffffffb0
page_size (16进制): 28
merge
jixu
first页: 0xffffffffc0347000
second页: 0xffffffffc03470a0
p 和 current_page 之间的差值 (16进制): ffffffffffffff60
page_size (16进制): 28
merge
jixu
first页: 0xffffffffc0347000
second页: 0xffffffffc0347000
p 和 current_page 之间的差值 (16进制): 0
page_size (16进制): 28
return
[buddy_check_0] after free: [dbg_buddy] block: 31  0  0  0  1  0  1  2  1  0  2 
first页: 0xffffffffc0346fd8
second页: 0xffffffffc0347028
p 和 current_page 之间的差值 (16进制): ffffffffffffffb0
page_size (16进制): 28
return
[buddy_check_0] after free: [dbg_buddy] block: 31  0  0  0  1  0  1  2  1  0  3 
first页: 0xffffffffc0346fb0
second页: 0xffffffffc0346fd8
p 和 current_page 之间的差值 (16进制): ffffffffffffffd8
page_size (16进制): 28
merge
jixu
return
[buddy_check_0] after free: [dbg_buddy] block: 31  0  0  0  1  0  1  2  1  1  2 
first页: 0xffffffffc0346f88
second页: 0xffffffffc0347028
p 和 current_page 之间的差值 (16进制): ffffffffffffff60
page_size (16进制): 28
return
[buddy_check_0] after free: [dbg_buddy] block: 31  0  0  0  1  0  1  2  1  1  3 
first页: 0xffffffffc0346f60
second页: 0xffffffffc0346f88
p 和 current_page 之间的差值 (16进制): ffffffffffffffd8
page_size (16进制): 28
merge
jixu
first页: 0xffffffffc0346f60
second页: 0xffffffffc0346fb0
p 和 current_page 之间的差值 (16进制): ffffffffffffffb0
page_size (16进制): 28
merge
jixu
first页: 0xffffffffc0346f60
second页: 0xffffffffc0347398
p 和 current_page 之间的差值 (16进制): fffffffffffffbc8
page_size (16进制): 28
return
[buddy_check_0] after free: [dbg_buddy] block: 31  0  0  0  1  0  1  2  2  0  2 
first页: 0xffffffffc0346f38
second页: 0xffffffffc0347028
p 和 current_page 之间的差值 (16进制): ffffffffffffff10
page_size (16进制): 28
return
[buddy_check_0] after free: [dbg_buddy] block: 31  0  0  0  1  0  1  2  2  0  3 
first页: 0xffffffffc0346f10
second页: 0xffffffffc0346f38
p 和 current_page 之间的差值 (16进制): ffffffffffffffd8
page_size (16进制): 28
merge
jixu
return
[buddy_check_0] after free: [dbg_buddy] block: 31  0  0  0  1  0  1  2  2  1  2 
first页: 0xffffffffc0346ee8
second页: 0xffffffffc0347028
p 和 current_page 之间的差值 (16进制): fffffffffffffec0
page_size (16进制): 28
return
[buddy_check_0] after free: [dbg_buddy] block: 31  0  0  0  1  0  1  2  2  1  3 
first页: 0xffffffffc0346ec0
second页: 0xffffffffc0346ee8
p 和 current_page 之间的差值 (16进制): ffffffffffffffd8
page_size (16进制): 28
merge
jixu
first页: 0xffffffffc0346ec0
second页: 0xffffffffc0346f10
p 和 current_page 之间的差值 (16进制): ffffffffffffffb0
page_size (16进制): 28
merge
jixu
first页: 0xffffffffc0346ec0
second页: 0xffffffffc0346f60
p 和 current_page 之间的差值 (16进制): ffffffffffffff60
page_size (16进制): 28
merge
jixu
first页: 0xffffffffc0346ec0
second页: 0xffffffffc0347000
p 和 current_page 之间的差值 (16进制): fffffffffffffec0
page_size (16进制): 28
merge
jixu
first页: 0xffffffffc0346ec0
second页: 0xffffffffc0347118
p 和 current_page 之间的差值 (16进制): fffffffffffffda8
page_size (16进制): 28
first页: 0xffffffffc0346ec0
second页: 0xffffffffc0347028
p 和 current_page 之间的差值 (16进制): fffffffffffffe98
page_size (16进制): 28
return
[buddy_check_0] after free: [dbg_buddy] block: 31  0  0  0  1  0  2  1  1  0  2 
first页: 0xffffffffc0347118
second页: 0xffffffffc0347028
p 和 current_page 之间的差值 (16进制): f0
page_size (16进制): 28
return
[buddy_check_0] after free: [dbg_buddy] block: 31  0  0  0  1  0  2  1  1  0  3 
first页: 0xffffffffc03470f0
second页: 0xffffffffc0347118
p 和 current_page 之间的差值 (16进制): ffffffffffffffd8
page_size (16进制): 28
merge
jixu
return
[buddy_check_0] after free: [dbg_buddy] block: 31  0  0  0  1  0  2  1  1  1  2 
first页: 0xffffffffc03470c8
second页: 0xffffffffc0347028
p 和 current_page 之间的差值 (16进制): a0
page_size (16进制): 28
return
[buddy_check_0] after free: [dbg_buddy] block: 31  0  0  0  1  0  2  1  1  1  3 
first页: 0xffffffffc03470a0
second页: 0xffffffffc03470c8
p 和 current_page 之间的差值 (16进制): ffffffffffffffd8
page_size (16进制): 28
merge
jixu
first页: 0xffffffffc03470a0
second页: 0xffffffffc03470f0
p 和 current_page 之间的差值 (16进制): ffffffffffffffb0
page_size (16进制): 28
merge
jixu
first页: 0xffffffffc03470a0
second页: 0xffffffffc0347398
p 和 current_page 之间的差值 (16进制): fffffffffffffd08
page_size (16进制): 28
return
[buddy_check_0] after free: [dbg_buddy] block: 31  0  0  0  1  0  2  1  2  0  2 
first页: 0xffffffffc0347078
second页: 0xffffffffc0347028
p 和 current_page 之间的差值 (16进制): 50
page_size (16进制): 28
return
[buddy_check_0] after free: [dbg_buddy] block: 31  0  0  0  1  0  2  1  2  0  3 
first页: 0xffffffffc0347050
second页: 0xffffffffc0347078
p 和 current_page 之间的差值 (16进制): ffffffffffffffd8
page_size (16进制): 28
merge
jixu
return
[buddy_check_0] after free: [dbg_buddy] block: 31  0  0  0  1  0  2  1  2  1  2 
first页: 0xffffffffc0347028
second页: 0xffffffffc0347028
p 和 current_page 之间的差值 (16进制): 0
page_size (16进制): 28
return
[buddy_check_0] after free: [dbg_buddy] block: 31  0  0  0  1  0  2  1  2  1  3 
first页: 0xffffffffc0347000
second页: 0xffffffffc0347028
p 和 current_page 之间的差值 (16进制): ffffffffffffffd8
page_size (16进制): 28
merge
jixu
first页: 0xffffffffc0347000
second页: 0xffffffffc0347050
p 和 current_page 之间的差值 (16进制): ffffffffffffffb0
page_size (16进制): 28
merge
jixu
first页: 0xffffffffc0347000
second页: 0xffffffffc03470a0
p 和 current_page 之间的差值 (16进制): ffffffffffffff60
page_size (16进制): 28
merge
jixu
first页: 0xffffffffc0347000
second页: 0xffffffffc0347000
p 和 current_page 之间的差值 (16进制): 0
page_size (16进制): 28
return
[buddy_check_0] after free: [dbg_buddy] block: 31  0  0  0  1  0  2  2  1  0  2 
first页: 0xffffffffc0346fd8
second页: 0xffffffffc0347028
p 和 current_page 之间的差值 (16进制): ffffffffffffffb0
page_size (16进制): 28
return
[buddy_check_0] after free: [dbg_buddy] block: 31  0  0  0  1  0  2  2  1  0  3 
first页: 0xffffffffc0346fb0
second页: 0xffffffffc0346fd8
p 和 current_page 之间的差值 (16进制): ffffffffffffffd8
page_size (16进制): 28
merge
jixu
return
[buddy_check_0] after free: [dbg_buddy] block: 31  0  0  0  1  0  2  2  1  1  2 
first页: 0xffffffffc0346f88
second页: 0xffffffffc0347028
p 和 current_page 之间的差值 (16进制): ffffffffffffff60
page_size (16进制): 28
return
[buddy_check_0] after free: [dbg_buddy] block: 31  0  0  0  1  0  2  2  1  1  3 
first页: 0xffffffffc0346f60
second页: 0xffffffffc0346f88
p 和 current_page 之间的差值 (16进制): ffffffffffffffd8
page_size (16进制): 28
merge
jixu
first页: 0xffffffffc0346f60
second页: 0xffffffffc0346fb0
p 和 current_page 之间的差值 (16进制): ffffffffffffffb0
page_size (16进制): 28
merge
jixu
first页: 0xffffffffc0346f60
second页: 0xffffffffc0347398
p 和 current_page 之间的差值 (16进制): fffffffffffffbc8
page_size (16进制): 28
return
[buddy_check_0] after free: [dbg_buddy] block: 31  0  0  0  1  0  2  2  2  0  2 
first页: 0xffffffffc0346f38
second页: 0xffffffffc0347028
p 和 current_page 之间的差值 (16进制): ffffffffffffff10
page_size (16进制): 28
return
[buddy_check_0] after free: [dbg_buddy] block: 31  0  0  0  1  0  2  2  2  0  3 
first页: 0xffffffffc0346f10
second页: 0xffffffffc0346f38
p 和 current_page 之间的差值 (16进制): ffffffffffffffd8
page_size (16进制): 28
merge
jixu
return
[buddy_check_0] after free: [dbg_buddy] block: 31  0  0  0  1  0  2  2  2  1  2 
first页: 0xffffffffc0346ee8
second页: 0xffffffffc0347028
p 和 current_page 之间的差值 (16进制): fffffffffffffec0
page_size (16进制): 28
return
[buddy_check_0] after free: [dbg_buddy] block: 31  0  0  0  1  0  2  2  2  1  3 
first页: 0xffffffffc0346ec0
second页: 0xffffffffc0346ee8
p 和 current_page 之间的差值 (16进制): ffffffffffffffd8
page_size (16进制): 28
merge
jixu
first页: 0xffffffffc0346ec0
second页: 0xffffffffc0346f10
p 和 current_page 之间的差值 (16进制): ffffffffffffffb0
page_size (16进制): 28
merge
jixu
first页: 0xffffffffc0346ec0
second页: 0xffffffffc0346f60
p 和 current_page 之间的差值 (16进制): ffffffffffffff60
page_size (16进制): 28
merge
jixu
first页: 0xffffffffc0346ec0
second页: 0xffffffffc0347000
p 和 current_page 之间的差值 (16进制): fffffffffffffec0
page_size (16进制): 28
merge
jixu
first页: 0xffffffffc0346ec0
second页: 0xffffffffc0346ec0
p 和 current_page 之间的差值 (16进制): 0
page_size (16进制): 28
first页: 0xffffffffc0346ec0
second页: 0xffffffffc0347118
p 和 current_page 之间的差值 (16进制): fffffffffffffda8
page_size (16进制): 28
first页: 0xffffffffc0346ec0
second页: 0xffffffffc0347028
p 和 current_page 之间的差值 (16进制): fffffffffffffe98
page_size (16进制): 28
return
[buddy_check_0] after free: [dbg_buddy] block: 31  0  0  0  1  0  3  1  1  0  2 
first页: 0xffffffffc0346e98
second页: 0xffffffffc0347028
p 和 current_page 之间的差值 (16进制): fffffffffffffe70
page_size (16进制): 28
return
[buddy_check_0] after free: [dbg_buddy] block: 31  0  0  0  1  0  3  1  1  0  3 
first页: 0xffffffffc0346e70
second页: 0xffffffffc0346e98
p 和 current_page 之间的差值 (16进制): ffffffffffffffd8
page_size (16进制): 28
merge
jixu
return
[buddy_check_0] after free: [dbg_buddy] block: 31  0  0  0  1  0  3  1  1  1  2 
first页: 0xffffffffc0346e48
second页: 0xffffffffc0347028
p 和 current_page 之间的差值 (16进制): fffffffffffffe20
page_size (16进制): 28
return
[buddy_check_0] after free: [dbg_buddy] block: 31  0  0  0  1  0  3  1  1  1  3 
first页: 0xffffffffc0346e20
second页: 0xffffffffc0346e48
p 和 current_page 之间的差值 (16进制): ffffffffffffffd8
page_size (16进制): 28
merge
jixu
first页: 0xffffffffc0346e20
second页: 0xffffffffc0346e70
p 和 current_page 之间的差值 (16进制): ffffffffffffffb0
page_size (16进制): 28
merge
jixu
first页: 0xffffffffc0346e20
second页: 0xffffffffc0347398
p 和 current_page 之间的差值 (16进制): fffffffffffffa88
page_size (16进制): 28
return
[buddy_check_0] after free: [dbg_buddy] block: 31  0  0  0  1  0  3  1  2  0  2 
first页: 0xffffffffc0346df8
second页: 0xffffffffc0347028
p 和 current_page 之间的差值 (16进制): fffffffffffffdd0
page_size (16进制): 28
return
[buddy_check_0] after free: [dbg_buddy] block: 31  0  0  0  1  0  3  1  2  0  3 
first页: 0xffffffffc0346dd0
second页: 0xffffffffc0346df8
p 和 current_page 之间的差值 (16进制): ffffffffffffffd8
page_size (16进制): 28
merge
jixu
return
[buddy_check_0] after free: [dbg_buddy] block: 31  0  0  0  1  0  3  1  2  1  2 
first页: 0xffffffffc0346da8
second页: 0xffffffffc0347028
p 和 current_page 之间的差值 (16进制): fffffffffffffd80
page_size (16进制): 28
return
[buddy_check_0] after free: [dbg_buddy] block: 31  0  0  0  1  0  3  1  2  1  3 
first页: 0xffffffffc0346d80
second页: 0xffffffffc0346da8
p 和 current_page 之间的差值 (16进制): ffffffffffffffd8
page_size (16进制): 28
merge
jixu
first页: 0xffffffffc0346d80
second页: 0xffffffffc0346dd0
p 和 current_page 之间的差值 (16进制): ffffffffffffffb0
page_size (16进制): 28
merge
jixu
first页: 0xffffffffc0346d80
second页: 0xffffffffc0346e20
p 和 current_page 之间的差值 (16进制): ffffffffffffff60
page_size (16进制): 28
merge
jixu
first页: 0xffffffffc0346d80
second页: 0xffffffffc0347000
p 和 current_page 之间的差值 (16进制): fffffffffffffd80
page_size (16进制): 28
return
[buddy_check_0] after free: [dbg_buddy] block: 31  0  0  0  1  0  3  2  1  0  2 
first页: 0xffffffffc0346d58
second页: 0xffffffffc0347028
p 和 current_page 之间的差值 (16进制): fffffffffffffd30
page_size (16进制): 28
return
[buddy_check_0] after free: [dbg_buddy] block: 31  0  0  0  1  0  3  2  1  0  3 
first页: 0xffffffffc0346d30
second页: 0xffffffffc0346d58
p 和 current_page 之间的差值 (16进制): ffffffffffffffd8
page_size (16进制): 28
merge
jixu
return
[buddy_check_0] after free: [dbg_buddy] block: 31  0  0  0  1  0  3  2  1  1  2 
first页: 0xffffffffc0346d08
second页: 0xffffffffc0347028
p 和 current_page 之间的差值 (16进制): fffffffffffffce0
page_size (16进制): 28
return
[buddy_check_0] after free: [dbg_buddy] block: 31  0  0  0  1  0  3  2  1  1  3 
first页: 0xffffffffc0346ce0
second页: 0xffffffffc0346d08
p 和 current_page 之间的差值 (16进制): ffffffffffffffd8
page_size (16进制): 28
merge
jixu
first页: 0xffffffffc0346ce0
second页: 0xffffffffc0346d30
p 和 current_page 之间的差值 (16进制): ffffffffffffffb0
page_size (16进制): 28
merge
jixu
first页: 0xffffffffc0346ce0
second页: 0xffffffffc0347398
p 和 current_page 之间的差值 (16进制): fffffffffffff948
page_size (16进制): 28
return
[buddy_check_0] after free: [dbg_buddy] block: 31  0  0  0  1  0  3  2  2  0  2 
first页: 0xffffffffc0346cb8
second页: 0xffffffffc0347028
p 和 current_page 之间的差值 (16进制): fffffffffffffc90
page_size (16进制): 28
return
[buddy_check_0] after free: [dbg_buddy] block: 31  0  0  0  1  0  3  2  2  0  3 
first页: 0xffffffffc0346c90
second页: 0xffffffffc0346cb8
p 和 current_page 之间的差值 (16进制): ffffffffffffffd8
page_size (16进制): 28
merge
jixu
return
[buddy_check_0] after free: [dbg_buddy] block: 31  0  0  0  1  0  3  2  2  1  2 
first页: 0xffffffffc0346c68
second页: 0xffffffffc0347028
p 和 current_page 之间的差值 (16进制): fffffffffffffc40
page_size (16进制): 28
return
[buddy_check_0] after free: [dbg_buddy] block: 31  0  0  0  1  0  3  2  2  1  3 
first页: 0xffffffffc0346c40
second页: 0xffffffffc0346c68
p 和 current_page 之间的差值 (16进制): ffffffffffffffd8
page_size (16进制): 28
merge
jixu
first页: 0xffffffffc0346c40
second页: 0xffffffffc0346c90
p 和 current_page 之间的差值 (16进制): ffffffffffffffb0
page_size (16进制): 28
merge
jixu
first页: 0xffffffffc0346c40
second页: 0xffffffffc0346ce0
p 和 current_page 之间的差值 (16进制): ffffffffffffff60
page_size (16进制): 28
merge
jixu
first页: 0xffffffffc0346c40
second页: 0xffffffffc0346d80
p 和 current_page 之间的差值 (16进制): fffffffffffffec0
page_size (16进制): 28
merge
jixu
first页: 0xffffffffc0346c40
second页: 0xffffffffc0346ec0
p 和 current_page 之间的差值 (16进制): fffffffffffffd80
page_size (16进制): 28
merge
jixu
return
[buddy_check_0] after free: [dbg_buddy] block: 31  0  0  0  1  1  2  1  1  0  2 
first页: 0xffffffffc0347b18
second页: 0xffffffffc0347028
p 和 current_page 之间的差值 (16进制): af0
page_size (16进制): 28
return
[buddy_check_0] after free: [dbg_buddy] block: 31  0  0  0  1  1  2  1  1  0  3 
first页: 0xffffffffc0347af0
second页: 0xffffffffc0347b18
p 和 current_page 之间的差值 (16进制): ffffffffffffffd8
page_size (16进制): 28
merge
jixu
return
[buddy_check_0] after free: [dbg_buddy] block: 31  0  0  0  1  1  2  1  1  1  2 
first页: 0xffffffffc0347ac8
second页: 0xffffffffc0347028
p 和 current_page 之间的差值 (16进制): aa0
page_size (16进制): 28
return
[buddy_check_0] after free: [dbg_buddy] block: 31  0  0  0  1  1  2  1  1  1  3 
first页: 0xffffffffc0347aa0
second页: 0xffffffffc0347ac8
p 和 current_page 之间的差值 (16进制): ffffffffffffffd8
page_size (16进制): 28
merge
jixu
first页: 0xffffffffc0347aa0
second页: 0xffffffffc0347af0
p 和 current_page 之间的差值 (16进制): ffffffffffffffb0
page_size (16进制): 28
merge
jixu
first页: 0xffffffffc0347aa0
second页: 0xffffffffc0347398
p 和 current_page 之间的差值 (16进制): 708
page_size (16进制): 28
return
[buddy_check_0] after free: [dbg_buddy] block: 31  0  0  0  1  1  2  1  2  0  2 
first页: 0xffffffffc0347a78
second页: 0xffffffffc0347028
p 和 current_page 之间的差值 (16进制): a50
page_size (16进制): 28
return
[buddy_check_0] after free: [dbg_buddy] block: 31  0  0  0  1  1  2  1  2  0  3 
first页: 0xffffffffc0347a50
second页: 0xffffffffc0347a78
p 和 current_page 之间的差值 (16进制): ffffffffffffffd8
page_size (16进制): 28
merge
jixu
return
[buddy_check_0] after free: [dbg_buddy] block: 31  0  0  0  1  1  2  1  2  1  2 
first页: 0xffffffffc0347a28
second页: 0xffffffffc0347028
p 和 current_page 之间的差值 (16进制): a00
page_size (16进制): 28
return
[buddy_check_0] after free: [dbg_buddy] block: 31  0  0  0  1  1  2  1  2  1  3 
first页: 0xffffffffc0347a00
second页: 0xffffffffc0347a28
p 和 current_page 之间的差值 (16进制): ffffffffffffffd8
page_size (16进制): 28
merge
jixu
first页: 0xffffffffc0347a00
second页: 0xffffffffc0347a50
p 和 current_page 之间的差值 (16进制): ffffffffffffffb0
page_size (16进制): 28
merge
jixu
first页: 0xffffffffc0347a00
second页: 0xffffffffc0347aa0
p 和 current_page 之间的差值 (16进制): ffffffffffffff60
page_size (16进制): 28
merge
jixu
first页: 0xffffffffc0347a00
second页: 0xffffffffc0347000
p 和 current_page 之间的差值 (16进制): a00
page_size (16进制): 28
return
[buddy_check_0] after free: [dbg_buddy] block: 31  0  0  0  1  1  2  2  1  0  2 
first页: 0xffffffffc03479d8
second页: 0xffffffffc0347028
p 和 current_page 之间的差值 (16进制): 9b0
page_size (16进制): 28
return
[buddy_check_0] after free: [dbg_buddy] block: 31  0  0  0  1  1  2  2  1  0  3 
first页: 0xffffffffc03479b0
second页: 0xffffffffc03479d8
p 和 current_page 之间的差值 (16进制): ffffffffffffffd8
page_size (16进制): 28
merge
jixu
return
[buddy_check_0] after free: [dbg_buddy] block: 31  0  0  0  1  1  2  2  1  1  2 
first页: 0xffffffffc0347988
second页: 0xffffffffc0347028
p 和 current_page 之间的差值 (16进制): 960
page_size (16进制): 28
return
[buddy_check_0] after free: [dbg_buddy] block: 31  0  0  0  1  1  2  2  1  1  3 
first页: 0xffffffffc0347960
second页: 0xffffffffc0347988
p 和 current_page 之间的差值 (16进制): ffffffffffffffd8
page_size (16进制): 28
merge
jixu
first页: 0xffffffffc0347960
second页: 0xffffffffc03479b0
p 和 current_page 之间的差值 (16进制): ffffffffffffffb0
page_size (16进制): 28
merge
jixu
first页: 0xffffffffc0347960
second页: 0xffffffffc0347398
p 和 current_page 之间的差值 (16进制): 5c8
page_size (16进制): 28
return
[buddy_check_0] after free: [dbg_buddy] block: 31  0  0  0  1  1  2  2  2  0  2 
first页: 0xffffffffc0347938
second页: 0xffffffffc0347028
p 和 current_page 之间的差值 (16进制): 910
page_size (16进制): 28
return
[buddy_check_0] after free: [dbg_buddy] block: 31  0  0  0  1  1  2  2  2  0  3 
first页: 0xffffffffc0347910
second页: 0xffffffffc0347938
p 和 current_page 之间的差值 (16进制): ffffffffffffffd8
page_size (16进制): 28
merge
jixu
return
[buddy_check_0] after free: [dbg_buddy] block: 31  0  0  0  1  1  2  2  2  1  2 
first页: 0xffffffffc03478e8
second页: 0xffffffffc0347028
p 和 current_page 之间的差值 (16进制): 8c0
page_size (16进制): 28
return
[buddy_check_0] after free: [dbg_buddy] block: 31  0  0  0  1  1  2  2  2  1  3 
first页: 0xffffffffc03478c0
second页: 0xffffffffc03478e8
p 和 current_page 之间的差值 (16进制): ffffffffffffffd8
page_size (16进制): 28
merge
jixu
first页: 0xffffffffc03478c0
second页: 0xffffffffc0347910
p 和 current_page 之间的差值 (16进制): ffffffffffffffb0
page_size (16进制): 28
merge
jixu
first页: 0xffffffffc03478c0
second页: 0xffffffffc0347960
p 和 current_page 之间的差值 (16进制): ffffffffffffff60
page_size (16进制): 28
merge
jixu
first页: 0xffffffffc03478c0
second页: 0xffffffffc0347a00
p 和 current_page 之间的差值 (16进制): fffffffffffffec0
page_size (16进制): 28
merge
jixu
first页: 0xffffffffc03478c0
second页: 0xffffffffc0346ec0
p 和 current_page 之间的差值 (16进制): a00
page_size (16进制): 28
return
[buddy_check_0] after free: [dbg_buddy] block: 31  0  0  0  1  1  3  1  1  0  2 
first页: 0xffffffffc0347898
second页: 0xffffffffc0347028
p 和 current_page 之间的差值 (16进制): 870
page_size (16进制): 28
return
[buddy_check_0] after free: [dbg_buddy] block: 31  0  0  0  1  1  3  1  1  0  3 
first页: 0xffffffffc0347870
second页: 0xffffffffc0347898
p 和 current_page 之间的差值 (16进制): ffffffffffffffd8
page_size (16进制): 28
merge
jixu
return
[buddy_check_0] after free: [dbg_buddy] block: 31  0  0  0  1  1  3  1  1  1  2 
first页: 0xffffffffc0347848
second页: 0xffffffffc0347028
p 和 current_page 之间的差值 (16进制): 820
page_size (16进制): 28
return
[buddy_check_0] after free: [dbg_buddy] block: 31  0  0  0  1  1  3  1  1  1  3 
first页: 0xffffffffc0347820
second页: 0xffffffffc0347848
p 和 current_page 之间的差值 (16进制): ffffffffffffffd8
page_size (16进制): 28
merge
jixu
first页: 0xffffffffc0347820
second页: 0xffffffffc0347870
p 和 current_page 之间的差值 (16进制): ffffffffffffffb0
page_size (16进制): 28
merge
jixu
first页: 0xffffffffc0347820
second页: 0xffffffffc0347398
p 和 current_page 之间的差值 (16进制): 488
page_size (16进制): 28
return
[buddy_check_0] after free: [dbg_buddy] block: 31  0  0  0  1  1  3  1  2  0  2 
first页: 0xffffffffc03477f8
second页: 0xffffffffc0347028
p 和 current_page 之间的差值 (16进制): 7d0
page_size (16进制): 28
return
[buddy_check_0] after free: [dbg_buddy] block: 31  0  0  0  1  1  3  1  2  0  3 
first页: 0xffffffffc03477d0
second页: 0xffffffffc03477f8
p 和 current_page 之间的差值 (16进制): ffffffffffffffd8
page_size (16进制): 28
merge
jixu
return
[buddy_check_0] after free: [dbg_buddy] block: 31  0  0  0  1  1  3  1  2  1  2 
first页: 0xffffffffc03477a8
second页: 0xffffffffc0347028
p 和 current_page 之间的差值 (16进制): 780
page_size (16进制): 28
return
[buddy_check_0] after free: [dbg_buddy] block: 31  0  0  0  1  1  3  1  2  1  3 
first页: 0xffffffffc0347780
second页: 0xffffffffc03477a8
p 和 current_page 之间的差值 (16进制): ffffffffffffffd8
page_size (16进制): 28
merge
jixu
first页: 0xffffffffc0347780
second页: 0xffffffffc03477d0
p 和 current_page 之间的差值 (16进制): ffffffffffffffb0
page_size (16进制): 28
merge
jixu
first页: 0xffffffffc0347780
second页: 0xffffffffc0347820
p 和 current_page 之间的差值 (16进制): ffffffffffffff60
page_size (16进制): 28
merge
jixu
first页: 0xffffffffc0347780
second页: 0xffffffffc0347000
p 和 current_page 之间的差值 (16进制): 780
page_size (16进制): 28
return
[buddy_check_0] after free: [dbg_buddy] block: 31  0  0  0  1  1  3  2  1  0  2 
first页: 0xffffffffc0347758
second页: 0xffffffffc0347028
p 和 current_page 之间的差值 (16进制): 730
page_size (16进制): 28
return
[buddy_check_0] after free: [dbg_buddy] block: 31  0  0  0  1  1  3  2  1  0  3 
first页: 0xffffffffc0347730
second页: 0xffffffffc0347758
p 和 current_page 之间的差值 (16进制): ffffffffffffffd8
page_size (16进制): 28
merge
jixu
return
[buddy_check_0] after free: [dbg_buddy] block: 31  0  0  0  1  1  3  2  1  1  2 
first页: 0xffffffffc0347708
second页: 0xffffffffc0347028
p 和 current_page 之间的差值 (16进制): 6e0
page_size (16进制): 28
return
[buddy_check_0] after free: [dbg_buddy] block: 31  0  0  0  1  1  3  2  1  1  3 
first页: 0xffffffffc03476e0
second页: 0xffffffffc0347708
p 和 current_page 之间的差值 (16进制): ffffffffffffffd8
page_size (16进制): 28
merge
jixu
first页: 0xffffffffc03476e0
second页: 0xffffffffc0347730
p 和 current_page 之间的差值 (16进制): ffffffffffffffb0
page_size (16进制): 28
merge
jixu
first页: 0xffffffffc03476e0
second页: 0xffffffffc0347398
p 和 current_page 之间的差值 (16进制): 348
page_size (16进制): 28
return
[buddy_check_0] after free: [dbg_buddy] block: 31  0  0  0  1  1  3  2  2  0  2 
first页: 0xffffffffc03476b8
second页: 0xffffffffc0347028
p 和 current_page 之间的差值 (16进制): 690
page_size (16进制): 28
return
[buddy_check_0] after free: [dbg_buddy] block: 31  0  0  0  1  1  3  2  2  0  3 
first页: 0xffffffffc0347690
second页: 0xffffffffc03476b8
p 和 current_page 之间的差值 (16进制): ffffffffffffffd8
page_size (16进制): 28
merge
jixu
return
[buddy_check_0] after free: [dbg_buddy] block: 31  0  0  0  1  1  3  2  2  1  2 
first页: 0xffffffffc0347668
second页: 0xffffffffc0347028
p 和 current_page 之间的差值 (16进制): 640
page_size (16进制): 28
return
[buddy_check_0] after free: [dbg_buddy] block: 31  0  0  0  1  1  3  2  2  1  3 
first页: 0xffffffffc0347640
second页: 0xffffffffc0347668
p 和 current_page 之间的差值 (16进制): ffffffffffffffd8
page_size (16进制): 28
merge
jixu
first页: 0xffffffffc0347640
second页: 0xffffffffc0347690
p 和 current_page 之间的差值 (16进制): ffffffffffffffb0
page_size (16进制): 28
merge
jixu
first页: 0xffffffffc0347640
second页: 0xffffffffc03476e0
p 和 current_page 之间的差值 (16进制): ffffffffffffff60
page_size (16进制): 28
merge
jixu
first页: 0xffffffffc0347640
second页: 0xffffffffc0347780
p 和 current_page 之间的差值 (16进制): fffffffffffffec0
page_size (16进制): 28
merge
jixu
first页: 0xffffffffc0347640
second页: 0xffffffffc03478c0
p 和 current_page 之间的差值 (16进制): fffffffffffffd80
page_size (16进制): 28
merge
jixu
first页: 0xffffffffc0347640
second页: 0xffffffffc0346c40
p 和 current_page 之间的差值 (16进制): a00
page_size (16进制): 28
return
[buddy_check_0] after free: [dbg_buddy] block: 31  0  0  0  1  2  2  1  1  0  2 
first页: 0xffffffffc0347618
second页: 0xffffffffc0347028
p 和 current_page 之间的差值 (16进制): 5f0
page_size (16进制): 28
return
[buddy_check_0] after free: [dbg_buddy] block: 31  0  0  0  1  2  2  1  1  0  3 
first页: 0xffffffffc03475f0
second页: 0xffffffffc0347618
p 和 current_page 之间的差值 (16进制): ffffffffffffffd8
page_size (16进制): 28
merge
jixu
return
[buddy_check_0] after free: [dbg_buddy] block: 31  0  0  0  1  2  2  1  1  1  2 
first页: 0xffffffffc03475c8
second页: 0xffffffffc0347028
p 和 current_page 之间的差值 (16进制): 5a0
page_size (16进制): 28
return
[buddy_check_0] after free: [dbg_buddy] block: 31  0  0  0  1  2  2  1  1  1  3 
first页: 0xffffffffc03475a0
second页: 0xffffffffc03475c8
p 和 current_page 之间的差值 (16进制): ffffffffffffffd8
page_size (16进制): 28
merge
jixu
first页: 0xffffffffc03475a0
second页: 0xffffffffc03475f0
p 和 current_page 之间的差值 (16进制): ffffffffffffffb0
page_size (16进制): 28
merge
jixu
first页: 0xffffffffc03475a0
second页: 0xffffffffc0347398
p 和 current_page 之间的差值 (16进制): 208
page_size (16进制): 28
return
[buddy_check_0] after free: [dbg_buddy] block: 31  0  0  0  1  2  2  1  2  0  2 
first页: 0xffffffffc0347578
second页: 0xffffffffc0347028
p 和 current_page 之间的差值 (16进制): 550
page_size (16进制): 28
return
[buddy_check_0] after free: [dbg_buddy] block: 31  0  0  0  1  2  2  1  2  0  3 
first页: 0xffffffffc0347550
second页: 0xffffffffc0347578
p 和 current_page 之间的差值 (16进制): ffffffffffffffd8
page_size (16进制): 28
merge
jixu
return
[buddy_check_0] after free: [dbg_buddy] block: 31  0  0  0  1  2  2  1  2  1  2 
first页: 0xffffffffc0347528
second页: 0xffffffffc0347028
p 和 current_page 之间的差值 (16进制): 500
page_size (16进制): 28
return
[buddy_check_0] after free: [dbg_buddy] block: 31  0  0  0  1  2  2  1  2  1  3 
first页: 0xffffffffc0347500
second页: 0xffffffffc0347528
p 和 current_page 之间的差值 (16进制): ffffffffffffffd8
page_size (16进制): 28
merge
jixu
first页: 0xffffffffc0347500
second页: 0xffffffffc0347550
p 和 current_page 之间的差值 (16进制): ffffffffffffffb0
page_size (16进制): 28
merge
jixu
first页: 0xffffffffc0347500
second页: 0xffffffffc03475a0
p 和 current_page 之间的差值 (16进制): ffffffffffffff60
page_size (16进制): 28
merge
jixu
first页: 0xffffffffc0347500
second页: 0xffffffffc0347000
p 和 current_page 之间的差值 (16进制): 500
page_size (16进制): 28
return
[buddy_check_0] after free: [dbg_buddy] block: 31  0  0  0  1  2  2  2  1  0  2 
first页: 0xffffffffc03474d8
second页: 0xffffffffc0347028
p 和 current_page 之间的差值 (16进制): 4b0
page_size (16进制): 28
return
[buddy_check_0] after free: [dbg_buddy] block: 31  0  0  0  1  2  2  2  1  0  3 
first页: 0xffffffffc03474b0
second页: 0xffffffffc03474d8
p 和 current_page 之间的差值 (16进制): ffffffffffffffd8
page_size (16进制): 28
merge
jixu
return
[buddy_check_0] after free: [dbg_buddy] block: 31  0  0  0  1  2  2  2  1  1  2 
first页: 0xffffffffc0347488
second页: 0xffffffffc0347028
p 和 current_page 之间的差值 (16进制): 460
page_size (16进制): 28
return
[buddy_check_0] after free: [dbg_buddy] block: 31  0  0  0  1  2  2  2  1  1  3 
[buddy_check_0] after free:   [dbg_buddy] block: 31  0  0  0  1  2  2  2  1  1  3 
[buddy_check_0] <<<<<<<<<<<<<<<<<<<<<<<<<<<<<<<<<<<<<<<<<<<<<<<<
check_alloc_page() succeeded!
satp virtual address: 0xffffffffc0205000
satp physical address: 0x0000000080205000
++ setup timer interrupts
100 ticks
100 ticks
100 ticks
100 ticks
100 ticks
100 ticks
100 ticks
100 ticks
100 ticks
100 ticks
100 ticks
100 ticks
100 ticks
100 ticks
100 ticks
100 ticks
100 ticks
100 ticks
100 ticks
100 ticks
100 ticks
100 ticks
100 ticks
100 ticks
100 ticks
100 ticks
100 ticks
